Determining if the pthread_create exist failed with the following output:
Change Dir: /home/sophie/Documents/FRC2017/CMakeFiles/CMakeTmp

Run Build Command:/usr/bin/make "cmTryCompileExec776476984/fast"
/usr/bin/make -f CMakeFiles/cmTryCompileExec776476984.dir/build.make CMakeFiles/cmTryCompileExec776476984.dir/build
make[1]: Entering directory `/home/sophie/Documents/FRC2017/CMakeFiles/CMakeTmp'
/usr/bin/cmake -E cmake_progress_report /home/sophie/Documents/FRC2017/CMakeFiles/CMakeTmp/CMakeFiles 1
Building C object CMakeFiles/cmTryCompileExec776476984.dir/CheckSymbolExists.c.o
/usr/bin/cc    -o CMakeFiles/cmTryCompileExec776476984.dir/CheckSymbolExists.c.o   -c /home/sophie/Documents/FRC2017/CMakeFiles/CMakeTmp/CheckSymbolExists.c
Linking C executable cmTryCompileExec776476984
/usr/bin/cmake -E cmake_link_script CMakeFiles/cmTryCompileExec776476984.dir/link.txt --verbose=1
/usr/bin/cc       CMakeFiles/cmTryCompileExec776476984.dir/CheckSymbolExists.c.o  -o cmTryCompileExec776476984 -rdynamic 
CMakeFiles/cmTryCompileExec776476984.dir/CheckSymbolExists.c.o: In function `main':
CheckSymbolExists.c:(.text+0x16): undefined reference to `pthread_create'
collect2: error: ld returned 1 exit status
make[1]: *** [cmTryCompileExec776476984] Error 1
make[1]: Leaving directory `/home/sophie/Documents/FRC2017/CMakeFiles/CMakeTmp'
make: *** [cmTryCompileExec776476984/fast] Error 2

File /home/sophie/Documents/FRC2017/CMakeFiles/CMakeTmp/CheckSymbolExists.c:
/* */
#include <pthread.h>

int main(int argc, char** argv)
{
  (void)argv;
#ifndef pthread_create
  return ((int*)(&pthread_create))[argc];
#else
  (void)argc;
  return 0;
#endif
}

Determining if the function pthread_create exists in the pthreads failed with the following output:
Change Dir: /home/sophie/Documents/FRC2017/CMakeFiles/CMakeTmp

Run Build Command:/usr/bin/make "cmTryCompileExec3907330723/fast"
/usr/bin/make -f CMakeFiles/cmTryCompileExec3907330723.dir/build.make CMakeFiles/cmTryCompileExec3907330723.dir/build
make[1]: Entering directory `/home/sophie/Documents/FRC2017/CMakeFiles/CMakeTmp'
/usr/bin/cmake -E cmake_progress_report /home/sophie/Documents/FRC2017/CMakeFiles/CMakeTmp/CMakeFiles 1
Building C object CMakeFiles/cmTryCompileExec3907330723.dir/CheckFunctionExists.c.o
/usr/bin/cc   -DCHECK_FUNCTION_EXISTS=pthread_create   -o CMakeFiles/cmTryCompileExec3907330723.dir/CheckFunctionExists.c.o   -c /usr/share/cmake-2.8/Modules/CheckFunctionExists.c
Linking C executable cmTryCompileExec3907330723
/usr/bin/cmake -E cmake_link_script CMakeFiles/cmTryCompileExec3907330723.dir/link.txt --verbose=1
/usr/bin/cc   -DCHECK_FUNCTION_EXISTS=pthread_create    CMakeFiles/cmTryCompileExec3907330723.dir/CheckFunctionExists.c.o  -o cmTryCompileExec3907330723 -rdynamic -lpthreads 
/usr/bin/ld: cannot find -lpthreads
collect2: error: ld returned 1 exit status
make[1]: *** [cmTryCompileExec3907330723] Error 1
make[1]: Leaving directory `/home/sophie/Documents/FRC2017/CMakeFiles/CMakeTmp'
make: *** [cmTryCompileExec3907330723/fast] Error 2


